<?xml version="1.0" encoding="UTF-8" ?>
<testsuite failures="0" time="0.321" errors="0" skipped="0" tests="6" name="picocash.model.impl.AccountTest">
  <properties>
    <property name="java.vendor" value="Sun Microsystems Inc."/>
    <property name="env.SESSION_MANAGER" value="local/wusel-netbook:/tmp/.ICE-unix/2896"/>
    <property name="env.LESSOPEN" value="| /usr/bin/lesspipe %s"/>
    <property name="localRepository" value="/home/wusel/.m2/repository"/>
    <property name="sun.java.launcher" value="SUN_STANDARD"/>
    <property name="sun.management.compiler" value="HotSpot Tiered Compilers"/>
    <property name="os.name" value="Linux"/>
    <property name="sun.boot.class.path" value="/usr/lib/jvm/java-6-sun-1.6.0.13/jre/lib/resources.jar:/usr/lib/jvm/java-6-sun-1.6.0.13/jre/lib/rt.jar:/usr/lib/jvm/java-6-sun-1.6.0.13/jre/lib/sunrsasign.jar:/usr/lib/jvm/java-6-sun-1.6.0.13/jre/lib/jsse.jar:/usr/lib/jvm/java-6-sun-1.6.0.13/jre/lib/jce.jar:/usr/lib/jvm/java-6-sun-1.6.0.13/jre/lib/charsets.jar:/usr/lib/jvm/java-6-sun-1.6.0.13/jre/classes"/>
    <property name="env.PWD" value="/home/wusel/Projects/picocash"/>
    <property name="env.XDG_SESSION_COOKIE" value="0216112661e8d0f27efda56a4a179997-1244091799.171437-172455285"/>
    <property name="sun.desktop" value="gnome"/>
    <property name="env.LANG" value="de_DE.UTF-8"/>
    <property name="java.vm.specification.vendor" value="Sun Microsystems Inc."/>
    <property name="java.runtime.version" value="1.6.0_13-b03"/>
    <property name="env.DISPLAY" value=":0.0"/>
    <property name="user.name" value="wusel"/>
    <property name="env._" value="/usr/bin/mvn"/>
    <property name="env.USER" value="wusel"/>
    <property name="env.HISTCONTROL" value="ignoreboth"/>
    <property name="env.SHELL" value="/bin/bash"/>
    <property name="env.DESKTOP_SESSION" value="default"/>
    <property name="env.XDG_DATA_DIRS" value="/usr/local/share/:/usr/share/:/usr/share/gdm/"/>
    <property name="env.NLSPATH" value="/usr/dt/lib/nls/msg/%L/%N.cat"/>
    <property name="env.PATH" value="/usr/local/sbin:/usr/local/bin:/usr/sbin:/usr/bin:/sbin:/bin:/usr/games"/>
    <property name="user.language" value="de"/>
    <property name="sun.boot.library.path" value="/usr/lib/jvm/java-6-sun-1.6.0.13/jre/lib/i386"/>
    <property name="classworlds.conf" value="/usr/share/maven2/bin/m2.conf"/>
    <property name="java.version" value="1.6.0_13"/>
    <property name="user.timezone" value="Europe/Berlin"/>
    <property name="env.DBUS_SESSION_BUS_ADDRESS" value="unix:abstract=/tmp/dbus-q6ZxG3tIXU,guid=4360305db91bff3dd6943cf14a275598"/>
    <property name="sun.arch.data.model" value="32"/>
    <property name="env.SSH_AGENT_PID" value="3006"/>
    <property name="java.endorsed.dirs" value="/usr/lib/jvm/java-6-sun-1.6.0.13/jre/lib/endorsed"/>
    <property name="sun.cpu.isalist" value=""/>
    <property name="sun.jnu.encoding" value="UTF-8"/>
    <property name="file.encoding.pkg" value="sun.io"/>
    <property name="env.SHLVL" value="1"/>
    <property name="file.separator" value="/"/>
    <property name="java.specification.name" value="Java Platform API Specification"/>
    <property name="env.GNOME_DESKTOP_SESSION_ID" value="this-is-deprecated"/>
    <property name="java.class.version" value="50.0"/>
    <property name="env.GDMSESSION" value="default"/>
    <property name="user.country" value="DE"/>
    <property name="env.GNOME_KEYRING_PID" value="2884"/>
    <property name="java.home" value="/usr/lib/jvm/java-6-sun-1.6.0.13/jre"/>
    <property name="java.vm.info" value="mixed mode"/>
    <property name="env.LOGNAME" value="wusel"/>
    <property name="os.version" value="2.6.28-11-generic"/>
    <property name="path.separator" value=":"/>
    <property name="java.vm.version" value="11.3-b02"/>
    <property name="java.awt.printerjob" value="sun.print.PSPrinterJob"/>
    <property name="env.TERM" value="xterm"/>
    <property name="env.WINDOWPATH" value="7"/>
    <property name="sun.io.unicode.encoding" value="UnicodeLittle"/>
    <property name="env.GDM_LANG" value="de_DE.UTF-8"/>
    <property name="user.home" value="/home/wusel"/>
    <property name="env.OLDPWD" value="/home/wusel/Desktop/icons"/>
    <property name="java.specification.vendor" value="Sun Microsystems Inc."/>
    <property name="env.WINDOWID" value="23069267"/>
    <property name="java.library.path" value="/usr/lib/jvm/java-6-sun-1.6.0.13/jre/lib/i386/server:/usr/lib/jvm/java-6-sun-1.6.0.13/jre/lib/i386:/usr/lib/jvm/java-6-sun-1.6.0.13/jre/../lib/i386:/usr/java/packages/lib/i386:/lib:/usr/lib"/>
    <property name="java.vendor.url" value="http://java.sun.com/"/>
    <property name="env.GDM_XSERVER_LOCATION" value="local"/>
    <property name="java.vm.vendor" value="Sun Microsystems Inc."/>
    <property name="maven.home" value="/usr/share/maven2"/>
    <property name="java.runtime.name" value="Java(TM) SE Runtime Environment"/>
    <property name="java.class.path" value="/usr/share/maven2/boot/classworlds.jar"/>
    <property name="env.XFILESEARCHPATH" value="/usr/dt/app-defaults/%L/Dt"/>
    <property name="java.vm.specification.name" value="Java Virtual Machine Specification"/>
    <property name="java.vm.specification.version" value="1.0"/>
    <property name="sun.os.patch.level" value="unknown"/>
    <property name="sun.cpu.endian" value="little"/>
    <property name="env.GTK_RC_FILES" value="/etc/gtk/gtkrc:/home/wusel/.gtkrc-1.2-gnome2"/>
    <property name="env.HOME" value="/home/wusel"/>
    <property name="surefire.test.class.path" value="/home/wusel/Projects/picocash/picocash-datamodel/target/test-classes:/home/wusel/Projects/picocash/picocash-datamodel/target/classes:/home/wusel/.m2/repository/junit/junit/4.5/junit-4.5.jar:/home/wusel/.m2/repository/log4j/log4j/1.2.9/log4j-1.2.9.jar:/home/wusel/.m2/repository/commons-logging/commons-logging/1.1.1/commons-logging-1.1.1.jar:"/>
    <property name="java.io.tmpdir" value="/tmp"/>
    <property name="env.LD_LIBRARY_PATH" value="/usr/lib/jvm/java-6-sun-1.6.0.13/jre/lib/i386/server:/usr/lib/jvm/java-6-sun-1.6.0.13/jre/lib/i386:/usr/lib/jvm/java-6-sun-1.6.0.13/jre/../lib/i386"/>
    <property name="env.LS_COLORS" value="no=00:fi=00:di=01;34:ln=01;36:pi=40;33:so=01;35:do=01;35:bd=40;33;01:cd=40;33;01:or=40;31;01:su=37;41:sg=30;43:tw=30;42:ow=34;42:st=37;44:ex=01;32:*.tar=01;31:*.tgz=01;31:*.svgz=01;31:*.arj=01;31:*.taz=01;31:*.lzh=01;31:*.lzma=01;31:*.zip=01;31:*.z=01;31:*.Z=01;31:*.dz=01;31:*.gz=01;31:*.bz2=01;31:*.bz=01;31:*.tbz2=01;31:*.tz=01;31:*.deb=01;31:*.rpm=01;31:*.jar=01;31:*.rar=01;31:*.ace=01;31:*.zoo=01;31:*.cpio=01;31:*.7z=01;31:*.rz=01;31:*.jpg=01;35:*.jpeg=01;35:*.gif=01;35:*.bmp=01;35:*.pbm=01;35:*.pgm=01;35:*.ppm=01;35:*.tga=01;35:*.xbm=01;35:*.xpm=01;35:*.tif=01;35:*.tiff=01;35:*.png=01;35:*.svg=01;35:*.mng=01;35:*.pcx=01;35:*.mov=01;35:*.mpg=01;35:*.mpeg=01;35:*.m2v=01;35:*.mkv=01;35:*.ogm=01;35:*.mp4=01;35:*.m4v=01;35:*.mp4v=01;35:*.vob=01;35:*.qt=01;35:*.nuv=01;35:*.wmv=01;35:*.asf=01;35:*.rm=01;35:*.rmvb=01;35:*.flc=01;35:*.avi=01;35:*.fli=01;35:*.gl=01;35:*.dl=01;35:*.xcf=01;35:*.xwd=01;35:*.yuv=01;35:*.aac=00;36:*.au=00;36:*.flac=00;36:*.mid=00;36:*.midi=00;36:*.mka=00;36:*.mp3=00;36:*.mpc=00;36:*.ogg=00;36:*.ra=00;36:*.wav=00;36:"/>
    <property name="java.vendor.url.bug" value="http://java.sun.com/cgi-bin/bugreport.cgi"/>
    <property name="env.SSH_AUTH_SOCK" value="/tmp/keyring-MfgI1j/socket.ssh"/>
    <property name="java.awt.graphicsenv" value="sun.awt.X11GraphicsEnvironment"/>
    <property name="os.arch" value="i386"/>
    <property name="java.ext.dirs" value="/usr/lib/jvm/java-6-sun-1.6.0.13/jre/lib/ext:/usr/java/packages/lib/ext"/>
    <property name="user.dir" value="/home/wusel/Projects/picocash/picocash-datamodel"/>
    <property name="env.XAUTHORITY" value="/home/wusel/.Xauthority"/>
    <property name="env.GTK_MODULES" value="canberra-gtk-module"/>
    <property name="line.separator" value="
"/>
    <property name="java.vm.name" value="Java HotSpot(TM) Server VM"/>
    <property name="env.COLORTERM" value="gnome-terminal"/>
    <property name="basedir" value="/home/wusel/Projects/picocash/picocash-datamodel"/>
    <property name="env.ORBIT_SOCKETDIR" value="/tmp/orbit-wusel"/>
    <property name="env.USERNAME" value="wusel"/>
    <property name="file.encoding" value="UTF-8"/>
    <property name="env.GNOME_KEYRING_SOCKET" value="/tmp/keyring-MfgI1j/socket"/>
    <property name="env.GPG_AGENT_INFO" value="/tmp/seahorse-BvT8NI/S.gpg-agent:3029:1"/>
    <property name="java.specification.version" value="1.6"/>
    <property name="env.LESSCLOSE" value="/usr/bin/lesspipe %s %s"/>
  </properties>
  <testcase time="0.178" classname="picocash.model.impl.AccountTest" name="testCreation"/>
  <testcase time="0" classname="picocash.model.impl.AccountTest" name="testSetStartBalance"/>
  <testcase time="0.005" classname="picocash.model.impl.AccountTest" name="addTransactions"/>
  <testcase time="0.001" classname="picocash.model.impl.AccountTest" name="deleteTransactions"/>
  <testcase time="0.001" classname="picocash.model.impl.AccountTest" name="changeTransactions"/>
  <testcase time="0.001" classname="picocash.model.impl.AccountTest" name="testEquals"/>
</testsuite>